
=====================================================================
This module is only for creating or activating Python environments:
$ mamba create -n myenv -c conda-forge python=3 <package_name>
$ source activate myenv

Only run "pip install" after activating an environment.
Running pip without activating an environment is known to cause issues.

To list available environments:
$ mamba info --envs

Other uses are not tested. More info: https://links.asu.edu/solpy
=====================================================================

  
Traceback (most recent call last):
  File "/home/hson17/nsys/single_device/main_nsys_syn_h2d.py", line 488, in <module>
    main()
    ~~~~^^
  File "/home/hson17/nsys/single_device/main_nsys_syn_h2d.py", line 477, in main
    train_acc = train_one_epoch_prefetch(model, train_loader, optimizer, loss_fn, "cuda", max_batches=20)
  File "/home/hson17/nsys/single_device/main_nsys_syn_h2d.py", line 377, in train_one_epoch_prefetch
    prefetcher = CUDAPrefetcher(
        train_loader,
    ...<3 lines>...
        debug_payload_bytes=debug_payload_bytes,
    )
TypeError: CUDAPrefetcher.__init__() got an unexpected keyword argument 'debug_payload_bytes'
